<?xml version="1.0" encoding="UTF-8"?>
<!-- Generated by org.testng.reporters.JUnitXMLReporter -->
<testsuite ignored="0" hostname="LAPTOP-IL8TFG41" failures="0" tests="3" name="Test" time="1.183" errors="0" timestamp="2020-07-25T22:05:56 IST">
  <testcase classname="apicode.DeleteRequest" name="GetData" time="1.061"/>
  <testcase classname="apicode.Getrequest_ElasticSearch" name="GetData" time="0.016"/>
  <testcase classname="apicode.PostRequest" name="PostData" time="0.075"/>
</testsuite> <!-- Test -->
